<?xml version="1.0" encoding="UTF-8"?>
<testng-results skipped="0" failed="0" total="1" passed="1">
  <reporter-output>
  </reporter-output>
  <suite name="Surefire suite" duration-ms="70725" started-at="2017-10-25T17:55:08Z" finished-at="2017-10-25T17:56:18Z">
    <groups>
    </groups>
    <test name="Surefire test" duration-ms="70725" started-at="2017-10-25T17:55:08Z" finished-at="2017-10-25T17:56:18Z">
      <class name="com.zalando.suite.TestBuyProducts">
        <test-method status="PASS" signature="initialSetup()[pri:0, instance:com.zalando.suite.TestBuyProducts@843fce]" name="initialSetup" is-config="true" duration-ms="333" started-at="2017-10-25T19:55:07Z" finished-at="2017-10-25T19:55:08Z">
          <reporter-output>
          </reporter-output>
        </test-method> <!-- initialSetup -->
        <test-method status="PASS" signature="beforeTest()[pri:0, instance:com.zalando.suite.TestBuyProducts@843fce]" name="beforeTest" is-config="true" duration-ms="11915" started-at="2017-10-25T19:55:08Z" finished-at="2017-10-25T19:55:20Z">
          <reporter-output>
          </reporter-output>
        </test-method> <!-- beforeTest -->
        <test-method status="PASS" signature="testAddToCart()[pri:0, instance:com.zalando.suite.TestBuyProducts@843fce]" name="testAddToCart" duration-ms="55331" started-at="2017-10-25T19:55:20Z" finished-at="2017-10-25T19:56:15Z">
          <reporter-output>
          </reporter-output>
        </test-method> <!-- testAddToCart -->
        <test-method status="PASS" signature="afterTestMethod()[pri:0, instance:com.zalando.suite.TestBuyProducts@843fce]" name="afterTestMethod" is-config="true" duration-ms="3451" started-at="2017-10-25T19:56:15Z" finished-at="2017-10-25T19:56:18Z">
          <reporter-output>
          </reporter-output>
        </test-method> <!-- afterTestMethod -->
      </class> <!-- com.zalando.suite.TestBuyProducts -->
    </test> <!-- Surefire test -->
  </suite> <!-- Surefire suite -->
</testng-results>
