<?xml version="1.0" encoding="UTF-8"?>
<testng-results skipped="0" failed="0" total="1" passed="1">
  <reporter-output>
  </reporter-output>
  <suite name="Default suite" duration-ms="71788" started-at="2017-10-25T08:28:04Z" finished-at="2017-10-25T08:29:16Z">
    <groups>
    </groups>
    <test name="Default test" duration-ms="71788" started-at="2017-10-25T08:28:04Z" finished-at="2017-10-25T08:29:16Z">
      <class name="com.zalando.suite.TestBuyProducts">
        <test-method status="PASS" signature="initialSetup()[pri:0, instance:com.zalando.suite.TestBuyProducts@47af7f3d]" name="initialSetup" is-config="true" duration-ms="62" started-at="2017-10-25T10:28:04Z" finished-at="2017-10-25T10:28:04Z">
          <reporter-output>
          </reporter-output>
        </test-method> <!-- initialSetup -->
        <test-method status="PASS" signature="beforeTest()[pri:0, instance:com.zalando.suite.TestBuyProducts@47af7f3d]" name="beforeTest" is-config="true" duration-ms="4801" started-at="2017-10-25T10:28:04Z" finished-at="2017-10-25T10:28:09Z">
          <reporter-output>
          </reporter-output>
        </test-method> <!-- beforeTest -->
        <test-method status="PASS" signature="testAddToCart()[pri:0, instance:com.zalando.suite.TestBuyProducts@47af7f3d]" name="testAddToCart" duration-ms="61777" started-at="2017-10-25T10:28:09Z" finished-at="2017-10-25T10:29:11Z">
          <reporter-output>
          </reporter-output>
        </test-method> <!-- testAddToCart -->
        <test-method status="PASS" signature="afterTestMethod()[pri:0, instance:com.zalando.suite.TestBuyProducts@47af7f3d]" name="afterTestMethod" is-config="true" duration-ms="5190" started-at="2017-10-25T10:29:11Z" finished-at="2017-10-25T10:29:16Z">
          <reporter-output>
          </reporter-output>
        </test-method> <!-- afterTestMethod -->
      </class> <!-- com.zalando.suite.TestBuyProducts -->
    </test> <!-- Default test -->
  </suite> <!-- Default suite -->
</testng-results>
